timestamp: 2017-11-20T21:33:03.640000
CREATE TABLE `aluno`(
    `user_aluno` VARCHAR(64) NOT NULL,
    `passw_aluno` VARCHAR(512),
    `nome_aluno` VARCHAR(512),
    `email_aluno` VARCHAR(512),
    PRIMARY KEY(`user_aluno`))  ENGINE=InnoDB CHARACTER SET utf8;
success!
timestamp: 2017-11-20T21:33:03.928000
CREATE TABLE `professor`(
    `user_prof` VARCHAR(64) NOT NULL,
    `passw_prof` VARCHAR(512),
    `nome_prof` VARCHAR(512),
    `email_prof` VARCHAR(512),
    PRIMARY KEY(`user_prof`))  ENGINE=InnoDB CHARACTER SET utf8;
success!
timestamp: 2017-11-20T21:34:04.562000
CREATE TABLE `questoes`(
    `id` INT AUTO_INCREMENT NOT NULL,
    `topic_name` VARCHAR(512),
    `user_prof` VARCHAR(64), CONSTRAINT `FK_questoes_user_prof__constraint` FOREIGN KEY (`user_prof`) REFERENCES `professor` (`user_prof`) ON DELETE CASCADE,
    `enunciado` LONGTEXT,
    `video_enunc` VARCHAR(512),
    `resposta` LONGTEXT,
    `resp1` LONGTEXT,
    `resp2` LONGTEXT,
    `resp3` LONGTEXT,
    `feed_resp` LONGTEXT,
    `feed_r1` LONGTEXT,
    `feed_r2` LONGTEXT,
    `feed_r3` LONGTEXT,
    `video_resp` VARCHAR(512),
    `video_r1` VARCHAR(512),
    `video_r2` VARCHAR(512),
    `video_r3` VARCHAR(512),
    `dificuldade` LONGTEXT,
    `acerto_goto` LONGTEXT,
    `erro_goto` LONGTEXT,
    `topic` LONGTEXT,
    `parte` LONGTEXT,
    PRIMARY KEY (`id`)
) ENGINE=InnoDB CHARACTER SET utf8;
success!
timestamp: 2017-11-20T21:34:04.876000
CREATE TABLE `provas`(
    `id` INT AUTO_INCREMENT NOT NULL,
    `cod_prova` INTEGER,
    `user_prof` VARCHAR(64), CONSTRAINT `FK_provas_user_prof__constraint` FOREIGN KEY (`user_prof`) REFERENCES `professor` (`user_prof`) ON DELETE CASCADE,
    `topic_name` VARCHAR(512),
    `modo_prova` VARCHAR(512),
    `aval` VARCHAR(512),
    PRIMARY KEY (`id`)
) ENGINE=InnoDB CHARACTER SET utf8;
success!
timestamp: 2017-11-20T21:34:05.157000
CREATE TABLE `provasd`(
    `cod_prova` INT  NOT NULL , INDEX `cod_prova__idx` (`cod_prova`), FOREIGN KEY (`cod_prova`) REFERENCES `provas` (`id`) ON DELETE CASCADE,
    `user_prof` VARCHAR(64), CONSTRAINT `FK_provasd_user_prof__constraint` FOREIGN KEY (`user_prof`) REFERENCES `professor` (`user_prof`) ON DELETE CASCADE,
    `tempo` TIME,
    `dificuldade` VARCHAR(512),
    `dif_inicio` VARCHAR(512),
    `topic_name` VARCHAR(512),
    `parte` VARCHAR(512),
    `num_total` INTEGER,
    PRIMARY KEY(`cod_prova`))  ENGINE=InnoDB CHARACTER SET utf8;
success!
timestamp: 2017-11-20T21:34:05.479000
CREATE TABLE `provase`(
    `cod_prova` INT  NOT NULL , INDEX `cod_prova__idx` (`cod_prova`), FOREIGN KEY (`cod_prova`) REFERENCES `provas` (`id`) ON DELETE CASCADE,
    `user_prof` VARCHAR(64), CONSTRAINT `FK_provase_user_prof__constraint` FOREIGN KEY (`user_prof`) REFERENCES `professor` (`user_prof`) ON DELETE CASCADE,
    `tempo` TIME,
    `num_e` INTEGER,
    `num_m` INTEGER,
    `num_h` INTEGER,
    `topic_name` VARCHAR(512),
    `parte` VARCHAR(512),
    `num_total` INTEGER,
    `cod_questoes` VARCHAR(512),
    PRIMARY KEY(`cod_prova`))  ENGINE=InnoDB CHARACTER SET utf8;
success!
timestamp: 2017-11-20T21:34:05.762000
CREATE TABLE `provas_uploads`(
    `id` INT AUTO_INCREMENT NOT NULL,
    `user_prof` VARCHAR(64), CONSTRAINT `FK_provas_uploads_user_prof__constraint` FOREIGN KEY (`user_prof`) REFERENCES `professor` (`user_prof`) ON DELETE CASCADE,
    `user_aluno` VARCHAR(64), CONSTRAINT `FK_provas_uploads_user_aluno__constraint` FOREIGN KEY (`user_aluno`) REFERENCES `aluno` (`user_aluno`) ON DELETE CASCADE,
    `cod_prova` INT  , INDEX `cod_prova__idx` (`cod_prova`), FOREIGN KEY (`cod_prova`) REFERENCES `provas` (`id`) ON DELETE CASCADE,
    `nota` DOUBLE,
    `prova_up` VARCHAR(512),
    PRIMARY KEY (`id`)
) ENGINE=InnoDB CHARACTER SET utf8;
success!
